#
# There is insufficient memory for the Java Runtime Environment to continue.
# Native memory allocation (malloc) failed to allocate 1048576 bytes. Error detail: AllocateHeap
# Possible reasons:
#   The system is out of physical RAM or swap space
#   This process is running with CompressedOops enabled, and the Java Heap may be blocking the growth of the native heap
# Possible solutions:
#   Reduce memory load on the system
#   Increase physical memory or swap space
#   Check if swap backing store is full
#   Decrease Java heap size (-Xmx/-Xms)
#   Decrease number of Java threads
#   Decrease Java thread stack sizes (-Xss)
#   Set larger code cache with -XX:ReservedCodeCacheSize=
#   JVM is running with Unscaled Compressed Oops mode in which the Java heap is
#     placed in the first 4GB address space. The Java Heap base address is the
#     maximum limit for the native heap growth. Please use -XX:HeapBaseMinAddress
#     to set the Java Heap base and to place the Java Heap above 4GB virtual address.
# This output file may be truncated or incomplete.
#
#  Out of Memory Error (allocation.cpp:44), pid=18068, tid=10180
#
# JRE version:  (17.0.12+7) (build )
# Java VM: OpenJDK 64-Bit Server VM (17.0.12+7-LTS, mixed mode, sharing, tiered, compressed oops, compressed class ptrs, g1 gc, windows-amd64)
# No core dump will be written. Minidumps are not enabled by default on client versions of Windows
#

---------------  S U M M A R Y ------------

Command Line: -Xmx64m -Xms64m -Dorg.gradle.appname=gradlew org.gradle.wrapper.GradleWrapperMain app:installDebug -PreactNativeDevServerPort=8081

Host: AMD Ryzen 7 4800H with Radeon Graphics         , 16 cores, 15G,  Windows 11 , 64 bit Build 26100 (10.0.26100.3624)
Time: Wed Apr  2 15:10:11 2025 Hora de verano romance elapsed time: 0.018474 seconds (0d 0h 0m 0s)

---------------  T H R E A D  ---------------

Current thread (0x000001e5ebab6510):  JavaThread "Unknown thread" [_thread_in_vm, id=10180, stack(0x00000063bc100000,0x00000063bc200000)]

Stack: [0x00000063bc100000,0x00000063bc200000]
Native frames: (J=compiled Java code, j=interpreted, Vv=VM code, C=native code)
V  [jvm.dll+0x686d99]
V  [jvm.dll+0x83daf8]
V  [jvm.dll+0x83f5a3]
V  [jvm.dll+0x83fc13]
V  [jvm.dll+0x2492ef]
V  [jvm.dll+0xa7793]
V  [jvm.dll+0x2eae12]
V  [jvm.dll+0x2e298b]
V  [jvm.dll+0x80faab]
V  [jvm.dll+0x370241]
V  [jvm.dll+0x7ee6bf]
V  [jvm.dll+0x3f6ccf]
V  [jvm.dll+0x3f87f1]
C  [jli.dll+0x5284]
C  [ucrtbase.dll+0x37b0]
C  [KERNEL32.DLL+0x2e8d7]
C  [ntdll.dll+0xb14fc]


---------------  P R O C E S S  ---------------

Threads class SMR info:
_java_thread_list=0x00007ffa558ccf98, length=0, elements={
}

Java Threads: ( => current thread )

Other Threads:
  0x000001e5ebadc5f0 GCTaskThread "GC Thread#0" [stack: 0x00000063bc200000,0x00000063bc300000] [id=8644]

[error occurred during error reporting (printing all threads), id 0xc0000005, EXCEPTION_ACCESS_VIOLATION (0xc0000005) at pc=0x00007ffa5507fb30]

VM state: not at safepoint (not fully initialized)

VM Mutex/Monitor currently owned by a thread:  ([mutex/lock_event])
[0x000001e5ebab3b40] Heap_lock - owner thread: 0x000001e5ebab6510

Heap address: 0x00000000fc000000, size: 64 MB, Compressed Oops mode: 32-bit

CDS archive(s) mapped at: [0x0000000000000000-0x0000000000000000-0x0000000000000000), size 0, SharedBaseAddress: 0x0000000800000000, ArchiveRelocationMode: 1.
Narrow klass base: 0x0000000000000000, Narrow klass shift: 0, Narrow klass range: 0x0

GC Precious Log:
<Empty>

Heap:
 garbage-first heap   total 0K, used 0K [0x00000000fc000000, 0x0000000100000000)
  region size 1024K, 0 young (0K), 0 survivors (0K)

[error occurred during error reporting (printing heap information), id 0xc0000005, EXCEPTION_ACCESS_VIOLATION (0xc0000005) at pc=0x00007ffa55470a39]

GC Heap History (0 events):
No events

Dll operation events (1 events):
Event: 0.008 Loaded shared library C:\Program Files\Microsoft\jdk-17.0.12.7-hotspot\bin\java.dll

Deoptimization events (0 events):
No events

Classes loaded (0 events):
No events

Classes unloaded (0 events):
No events

Classes redefined (0 events):
No events

Internal exceptions (0 events):
No events

VM Operations (0 events):
No events

Events (0 events):
No events


Dynamic libraries:
0x00007ff746ca0000 - 0x00007ff746cae000 	C:\Program Files\Microsoft\jdk-17.0.12.7-hotspot\bin\java.exe
0x00007ffac6c40000 - 0x00007ffac6ea0000 	C:\WINDOWS\SYSTEM32\ntdll.dll
0x00007ffac59f0000 - 0x00007ffac5ab7000 	C:\WINDOWS\System32\KERNEL32.DLL
0x00007ffac3ed0000 - 0x00007ffac429b000 	C:\WINDOWS\System32\KERNELBASE.dll
0x00007ffa90bc0000 - 0x00007ffa90bdd000 	C:\Program Files\Microsoft\jdk-17.0.12.7-hotspot\bin\VCRUNTIME140.dll
0x00007ffa92060000 - 0x00007ffa92077000 	C:\Program Files\Microsoft\jdk-17.0.12.7-hotspot\bin\jli.dll
0x00007ffac45f0000 - 0x00007ffac473b000 	C:\WINDOWS\System32\ucrtbase.dll
0x00007ffac4a40000 - 0x00007ffac4c0c000 	C:\WINDOWS\System32\USER32.dll
0x00007ffac4a10000 - 0x00007ffac4a37000 	C:\WINDOWS\System32\win32u.dll
0x00007ffab0a50000 - 0x00007ffab0ce7000 	C:\WINDOWS\WinSxS\amd64_microsoft.windows.common-controls_6595b64144ccf1df_6.0.26100.3624_none_3e086962e3345f24\COMCTL32.dll
0x00007ffac5ac0000 - 0x00007ffac5aea000 	C:\WINDOWS\System32\GDI32.dll
0x00007ffac6240000 - 0x00007ffac62e9000 	C:\WINDOWS\System32\msvcrt.dll
0x00007ffac44b0000 - 0x00007ffac45e1000 	C:\WINDOWS\System32\gdi32full.dll
0x00007ffac3e20000 - 0x00007ffac3ec3000 	C:\WINDOWS\System32\msvcp_win.dll
0x00007ffac6050000 - 0x00007ffac607f000 	C:\WINDOWS\System32\IMM32.DLL
0x00007ffaa28f0000 - 0x00007ffaa28fc000 	C:\Program Files\Microsoft\jdk-17.0.12.7-hotspot\bin\vcruntime140_1.dll
0x00007ffa7c550000 - 0x00007ffa7c5dd000 	C:\Program Files\Microsoft\jdk-17.0.12.7-hotspot\bin\msvcp140.dll
0x00007ffa54d90000 - 0x00007ffa55a00000 	C:\Program Files\Microsoft\jdk-17.0.12.7-hotspot\bin\server\jvm.dll
0x00007ffac6950000 - 0x00007ffac6a03000 	C:\WINDOWS\System32\ADVAPI32.dll
0x00007ffac62f0000 - 0x00007ffac6396000 	C:\WINDOWS\System32\sechost.dll
0x00007ffac5ba0000 - 0x00007ffac5cb6000 	C:\WINDOWS\System32\RPCRT4.dll
0x00007ffac5870000 - 0x00007ffac58e4000 	C:\WINDOWS\System32\WS2_32.dll
0x00007ffabb600000 - 0x00007ffabb636000 	C:\WINDOWS\SYSTEM32\WINMM.dll
0x00007ffabb840000 - 0x00007ffabb84b000 	C:\WINDOWS\SYSTEM32\VERSION.dll
0x00007ffac3ae0000 - 0x00007ffac3b3e000 	C:\WINDOWS\SYSTEM32\POWRPROF.dll
0x00007ffac3ac0000 - 0x00007ffac3ad4000 	C:\WINDOWS\SYSTEM32\UMPDC.dll
0x00007ffac2c30000 - 0x00007ffac2c4a000 	C:\WINDOWS\SYSTEM32\kernel.appcore.dll
0x00007ffa930f0000 - 0x00007ffa930fa000 	C:\Program Files\Microsoft\jdk-17.0.12.7-hotspot\bin\jimage.dll
0x00007ffac0c80000 - 0x00007ffac0ec1000 	C:\WINDOWS\SYSTEM32\DBGHELP.DLL
0x00007ffac5cc0000 - 0x00007ffac6043000 	C:\WINDOWS\System32\combase.dll
0x00007ffac5910000 - 0x00007ffac59e6000 	C:\WINDOWS\System32\OLEAUT32.dll
0x00007ffaac510000 - 0x00007ffaac549000 	C:\WINDOWS\SYSTEM32\dbgcore.DLL
0x00007ffac4410000 - 0x00007ffac44a9000 	C:\WINDOWS\System32\bcryptPrimitives.dll
0x00007ffa909f0000 - 0x00007ffa90a15000 	C:\Program Files\Microsoft\jdk-17.0.12.7-hotspot\bin\java.dll

dbghelp: loaded successfully - version: 4.0.5 - missing functions: none
symbol engine: initialized successfully - sym options: 0x614 - pdb path: .;C:\Program Files\Microsoft\jdk-17.0.12.7-hotspot\bin;C:\WINDOWS\SYSTEM32;C:\WINDOWS\WinSxS\amd64_microsoft.windows.common-controls_6595b64144ccf1df_6.0.26100.3624_none_3e086962e3345f24;C:\Program Files\Microsoft\jdk-17.0.12.7-hotspot\bin\server

VM Arguments:
jvm_args: -Xmx64m -Xms64m -Dorg.gradle.appname=gradlew 
java_command: org.gradle.wrapper.GradleWrapperMain app:installDebug -PreactNativeDevServerPort=8081
java_class_path (initial): C:\Users\alo38\projectesAlejo\PFC\android\\gradle\wrapper\gradle-wrapper.jar
Launcher Type: SUN_STANDARD

[Global flags]
     intx CICompilerCount                          = 12                                        {product} {ergonomic}
     uint ConcGCThreads                            = 3                                         {product} {ergonomic}
     uint G1ConcRefinementThreads                  = 13                                        {product} {ergonomic}
   size_t G1HeapRegionSize                         = 1048576                                   {product} {ergonomic}
    uintx GCDrainStackTargetSize                   = 64                                        {product} {ergonomic}
   size_t InitialHeapSize                          = 67108864                                  {product} {command line}
   size_t MarkStackSize                            = 4194304                                   {product} {ergonomic}
   size_t MaxHeapSize                              = 67108864                                  {product} {command line}
   size_t MinHeapDeltaBytes                        = 1048576                                   {product} {ergonomic}
   size_t MinHeapSize                              = 67108864                                  {product} {command line}
    uintx NonNMethodCodeHeapSize                   = 7602480                                {pd product} {ergonomic}
    uintx NonProfiledCodeHeapSize                  = 122027880                              {pd product} {ergonomic}
    uintx ProfiledCodeHeapSize                     = 122027880                              {pd product} {ergonomic}
    uintx ReservedCodeCacheSize                    = 251658240                              {pd product} {ergonomic}
     bool SegmentedCodeCache                       = true                                      {product} {ergonomic}
   size_t SoftMaxHeapSize                          = 67108864                               {manageable} {ergonomic}
     bool UseCompressedClassPointers               = true                           {product lp64_product} {ergonomic}
     bool UseCompressedOops                        = true                           {product lp64_product} {ergonomic}
     bool UseG1GC                                  = true                                      {product} {ergonomic}
     bool UseLargePagesIndividualAllocation        = false                                  {pd product} {ergonomic}

Logging:
Log output configuration:
 #0: stdout all=warning uptime,level,tags
 #1: stderr all=off uptime,level,tags

Environment Variables:
JAVA_HOME=C:\Program Files\Microsoft\jdk-17.0.12.7-hotspot\
CLASSPATH=C:\Users\alo38\projectesAlejo\PFC\android\\gradle\wrapper\gradle-wrapper.jar
PATH=C:\Users\alo38\projectesAlejo\PFC\node_modules\.bin;C:\Users\alo38\projectesAlejo\node_modules\.bin;C:\Users\alo38\node_modules\.bin;C:\Users\node_modules\.bin;C:\node_modules\.bin;C:\Program Files\nodejs\node_modules\npm\node_modules\@npmcli\run-script\lib\node-gyp-bin;C:\Program Files\Microsoft\jdk-17.0.12.7-hotspot\bin;C:\Program Files\Common Files\Oracle\Java\javapath;C:\Program Files (x86)\Common Files\Oracle\Java\java8path;C:\Program Files (x86)\Common Files\Oracle\Java\javapath;C:\ProgramData\Oracle\Java\javapath;C:\Windows\system32;C:\Windows;C:\Windows\System32\Wbem;C:\Windows\System32\WindowsPowerShell\v1.0\;C:\Windows\System32\OpenSSH\;C:\Program Files (x86)\NVIDIA Corporation\PhysX\Common;C:\Program Files\NVIDIA Corporation\NVIDIA NvDLISR;C:\WINDOWS\system32;C:\WINDOWS;C:\WINDOWS\System32\Wbem;C:\WINDOWS\System32\WindowsPowerShell\v1.0\;C:\WINDOWS\System32\OpenSSH\;C:\Program Files\AutoFirma\AutoFirma;C:\Program Files\nodejs\;C:\Program Files\dotnet\;C:\Program Files (x86)\PuTTY\;C:\ProgramData\chocolatey\bin;C:\Users\alo38\AppData\Local\Android\Sdk\platform-tools;C:\Program Files\Git\cmd;C:\Users\alo38\AppData\Local\Programs\Python\Launcher\;C:\Program Files\MySQL\MySQL Shell 8.0\bin\;C:\Users\alo38\AppData\Local\Microsoft\WindowsApps;;C:\Users\alo38\AppData\Local\Programs\Microsoft VS Code\bin;C:\Users\alo38\AppData\Roaming\npm;C:\Users\alo38\.dotnet\tools
USERNAME=alo38
OS=Windows_NT
PROCESSOR_IDENTIFIER=AMD64 Family 23 Model 96 Stepping 1, AuthenticAMD
TMP=C:\Users\alo38\AppData\Local\Temp
TEMP=C:\Users\alo38\AppData\Local\Temp



Periodic native trim disabled


---------------  S Y S T E M  ---------------

OS:
 Windows 11 , 64 bit Build 26100 (10.0.26100.3624)
OS uptime: 0 days 1:00 hours

CPU: total 16 (initial active 16) (16 cores per cpu, 2 threads per core) family 23 model 96 stepping 1 microcode 0x8600106, cx8, cmov, fxsr, ht, mmx, 3dnowpref, sse, sse2, sse3, ssse3, sse4a, sse4.1, sse4.2, popcnt, lzcnt, tsc, tscinvbit, avx, avx2, aes, clmul, bmi1, bmi2, adx, sha, fma, vzeroupper, clflush, clflushopt
Processor Information for the first 16 processors :
  Max Mhz: 2901, Current Mhz: 2901, Mhz Limit: 2901

Memory: 4k page, system-wide physical 15791M (3401M free)
TotalPageFile size 20051M (AvailPageFile size 5M)
current process WorkingSet (physical memory assigned to process): 12M, peak: 12M
current process commit charge ("private bytes"): 58M, peak: 59M

vm_info: OpenJDK 64-Bit Server VM (17.0.12+7-LTS) for windows-amd64 JRE (17.0.12+7-LTS), built on Jul 16 2024 18:11:44 by "MicrosoftCorporation" with unknown MS VC++:1939

END.
